Determining if the pthread_create exist failed with the following output:
Change Dir: /home/serg/ProcessExplorer/obj/CMakeFiles/CMakeTmp

Run Build Command:"/usr/bin/make" "cmTC_00e77/fast"
/usr/bin/make -f CMakeFiles/cmTC_00e77.dir/build.make CMakeFiles/cmTC_00e77.dir/build
make[1]: Entering directory '/home/serg/ProcessExplorer/obj/CMakeFiles/CMakeTmp'
Building C object CMakeFiles/cmTC_00e77.dir/CheckSymbolExists.c.o
/usr/bin/cc     -o CMakeFiles/cmTC_00e77.dir/CheckSymbolExists.c.o   -c /home/serg/ProcessExplorer/obj/CMakeFiles/CMakeTmp/CheckSymbolExists.c
Linking C executable cmTC_00e77
/usr/bin/cmake -E cmake_link_script CMakeFiles/cmTC_00e77.dir/link.txt --verbose=1
/usr/bin/cc       CMakeFiles/cmTC_00e77.dir/CheckSymbolExists.c.o  -o cmTC_00e77 -rdynamic 
CMakeFiles/cmTC_00e77.dir/CheckSymbolExists.c.o: In function `main':
CheckSymbolExists.c:(.text+0x16): undefined reference to `pthread_create'
collect2: error: ld returned 1 exit status
CMakeFiles/cmTC_00e77.dir/build.make:97: recipe for target 'cmTC_00e77' failed
make[1]: *** [cmTC_00e77] Error 1
make[1]: Leaving directory '/home/serg/ProcessExplorer/obj/CMakeFiles/CMakeTmp'
Makefile:126: recipe for target 'cmTC_00e77/fast' failed
make: *** [cmTC_00e77/fast] Error 2

File /home/serg/ProcessExplorer/obj/CMakeFiles/CMakeTmp/CheckSymbolExists.c:
/* */
#include <pthread.h>

int main(int argc, char** argv)
{
  (void)argv;
#ifndef pthread_create
  return ((int*)(&pthread_create))[argc];
#else
  (void)argc;
  return 0;
#endif
}

Determining if the function pthread_create exists in the pthreads failed with the following output:
Change Dir: /home/serg/ProcessExplorer/obj/CMakeFiles/CMakeTmp

Run Build Command:"/usr/bin/make" "cmTC_5631f/fast"
/usr/bin/make -f CMakeFiles/cmTC_5631f.dir/build.make CMakeFiles/cmTC_5631f.dir/build
make[1]: Entering directory '/home/serg/ProcessExplorer/obj/CMakeFiles/CMakeTmp'
Building C object CMakeFiles/cmTC_5631f.dir/CheckFunctionExists.c.o
/usr/bin/cc    -DCHECK_FUNCTION_EXISTS=pthread_create   -o CMakeFiles/cmTC_5631f.dir/CheckFunctionExists.c.o   -c /usr/share/cmake-3.5/Modules/CheckFunctionExists.c
Linking C executable cmTC_5631f
/usr/bin/cmake -E cmake_link_script CMakeFiles/cmTC_5631f.dir/link.txt --verbose=1
/usr/bin/cc   -DCHECK_FUNCTION_EXISTS=pthread_create    CMakeFiles/cmTC_5631f.dir/CheckFunctionExists.c.o  -o cmTC_5631f -rdynamic -lpthreads 
/usr/bin/ld: cannot find -lpthreads
collect2: error: ld returned 1 exit status
CMakeFiles/cmTC_5631f.dir/build.make:97: recipe for target 'cmTC_5631f' failed
make[1]: *** [cmTC_5631f] Error 1
make[1]: Leaving directory '/home/serg/ProcessExplorer/obj/CMakeFiles/CMakeTmp'
Makefile:126: recipe for target 'cmTC_5631f/fast' failed
make: *** [cmTC_5631f/fast] Error 2


